2018-04-27 15:31:40 INFO [main] [org.springframework.boot.StartupInfoLogger:48] - Starting Application v1.0-SNAPSHOT on rtfufsdd with PID 7336 (E:\myproject\jour\target\xys-test-1.0-SNAPSHOT.jar started by gz_bank in E:\myproject\jour\target)
2018-04-27 15:31:40 INFO [main] [org.springframework.boot.SpringApplication:661] - No active profile set, falling back to default profiles: default
2018-04-27 15:31:41 INFO [background-preinit] [org.hibernate.validator.internal.util.Version:30] - HV000001: Hibernate Validator 5.2.4.Final
2018-04-27 15:31:41 INFO [main] [org.springframework.context.support.AbstractApplicationContext:581] - Refreshing org.springframework.boot.context.embedded.AnnotationConfigEmbeddedWebApplicationContext@899482: startup date [Fri Apr 27 15:31:41 CST 2018]; root of context hierarchy
2018-04-27 15:31:46 INFO [main] [org.springframework.beans.factory.support.DefaultListableBeanFactory:818] - Overriding bean definition for bean 'managementServletContext' with a different definition: replacing [Root bean: class [null]; scope=; abstract=false; lazyInit=false; autowireMode=3; dependencyCheck=0; autowireCandidate=true; primary=false; factoryBeanName=org.springframework.boot.actuate.autoconfigure.EndpointWebMvcHypermediaManagementContextConfiguration; factoryMethodName=managementServletContext; initMethodName=null; destroyMethodName=(inferred); defined in class path resource [org/springframework/boot/actuate/autoconfigure/EndpointWebMvcHypermediaManagementContextConfiguration.class]] with [Root bean: class [null]; scope=; abstract=false; lazyInit=false; autowireMode=3; dependencyCheck=0; autowireCandidate=true; primary=false; factoryBeanName=org.springframework.boot.actuate.autoconfigure.EndpointWebMvcAutoConfiguration; factoryMethodName=managementServletContext; initMethodName=null; destroyMethodName=(inferred); defined in class path resource [org/springframework/boot/actuate/autoconfigure/EndpointWebMvcAutoConfiguration.class]]
2018-04-27 15:31:46 INFO [main] [org.springframework.data.repository.config.RepositoryConfigurationDelegate:170] - Multiple Spring Data modules found, entering strict repository configuration mode!
2018-04-27 15:31:48 INFO [main] [org.springframework.context.support.PostProcessorRegistrationDelegate$BeanPostProcessorChecker:328] - Bean 'org.springframework.transaction.annotation.ProxyTransactionManagementConfiguration' of type [class org.springframework.transaction.annotation.ProxyTransactionManagementConfiguration$$EnhancerBySpringCGLIB$$31af90f5] is not eligible for getting processed by all BeanPostProcessors (for example: not eligible for auto-proxying)
2018-04-27 15:31:48 INFO [main] [org.springframework.context.support.PostProcessorRegistrationDelegate$BeanPostProcessorChecker:328] - Bean 'redisConfig' of type [class com.gzcb.creditcard.redis.config.RedisConfig$$EnhancerBySpringCGLIB$$cbcc57f4] is not eligible for getting processed by all BeanPostProcessors (for example: not eligible for auto-proxying)
2018-04-27 15:31:48 INFO [main] [org.springframework.context.support.PostProcessorRegistrationDelegate$BeanPostProcessorChecker:328] - Bean 'org.springframework.cache.annotation.ProxyCachingConfiguration' of type [class org.springframework.cache.annotation.ProxyCachingConfiguration$$EnhancerBySpringCGLIB$$7ac1c713] is not eligible for getting processed by all BeanPostProcessors (for example: not eligible for auto-proxying)
2018-04-27 15:31:50 INFO [main] [org.springframework.boot.context.embedded.tomcat.TomcatEmbeddedServletContainer:87] - Tomcat initialized with port(s): 8080 (http)
2018-04-27 15:31:50 INFO [main] [org.apache.juli.logging.DirectJDKLog:179] - Starting service Tomcat
2018-04-27 15:31:50 INFO [main] [org.apache.juli.logging.DirectJDKLog:179] - Starting Servlet Engine: Apache Tomcat/8.5.5
2018-04-27 15:31:57 INFO [localhost-startStop-1] [org.apache.juli.logging.DirectJDKLog:179] - At least one JAR was scanned for TLDs yet contained no TLDs. Enable debug logging for this logger for a complete list of JARs that were scanned but no TLDs were found in them. Skipping unneeded JARs during scanning can improve startup time and JSP compilation time.
2018-04-27 15:31:58 INFO [localhost-startStop-1] [org.apache.juli.logging.DirectJDKLog:179] - Initializing Spring embedded WebApplicationContext
2018-04-27 15:31:58 INFO [localhost-startStop-1] [org.springframework.boot.context.embedded.EmbeddedWebApplicationContext:276] - Root WebApplicationContext: initialization completed in 16196 ms
2018-04-27 15:31:58 INFO [localhost-startStop-1] [org.springframework.boot.web.servlet.ServletRegistrationBean:190] - Mapping servlet: 'dispatcherServlet' to [/]
2018-04-27 15:31:58 INFO [localhost-startStop-1] [org.springframework.boot.web.servlet.AbstractFilterRegistrationBean:258] - Mapping filter: 'metricsFilter' to: [/*]
2018-04-27 15:31:58 INFO [localhost-startStop-1] [org.springframework.boot.web.servlet.AbstractFilterRegistrationBean:258] - Mapping filter: 'characterEncodingFilter' to: [/*]
2018-04-27 15:31:58 INFO [localhost-startStop-1] [org.springframework.boot.web.servlet.AbstractFilterRegistrationBean:258] - Mapping filter: 'hiddenHttpMethodFilter' to: [/*]
2018-04-27 15:31:58 INFO [localhost-startStop-1] [org.springframework.boot.web.servlet.AbstractFilterRegistrationBean:258] - Mapping filter: 'httpPutFormContentFilter' to: [/*]
2018-04-27 15:31:58 INFO [localhost-startStop-1] [org.springframework.boot.web.servlet.AbstractFilterRegistrationBean:258] - Mapping filter: 'requestContextFilter' to: [/*]
2018-04-27 15:31:58 INFO [localhost-startStop-1] [org.springframework.boot.web.servlet.AbstractFilterRegistrationBean:258] - Mapping filter: 'webRequestLoggingFilter' to: [/*]
2018-04-27 15:31:58 INFO [localhost-startStop-1] [org.springframework.boot.web.servlet.AbstractFilterRegistrationBean:258] - Mapping filter: 'applicationContextIdFilter' to: [/*]
2018-04-27 15:32:01 INFO [main] [com.gzcb.creditcard.config.InitConfig:17] - 初始化定时任务
2018-04-27 15:32:01 INFO [main] [com.gzcb.creditcard.job.JobManager:57] - JobManager init
2018-04-27 15:32:02 INFO [main] [org.quartz.impl.StdSchedulerFactory:1184] - Using default implementation for ThreadExecutor
2018-04-27 15:32:02 INFO [main] [org.quartz.core.SchedulerSignalerImpl:61] - Initialized Scheduler Signaller of type: class org.quartz.core.SchedulerSignalerImpl
2018-04-27 15:32:02 INFO [main] [org.quartz.core.QuartzScheduler:240] - Quartz Scheduler v.2.2.1 created.
2018-04-27 15:32:02 INFO [main] [org.quartz.simpl.RAMJobStore:155] - RAMJobStore initialized.
2018-04-27 15:32:02 INFO [main] [org.quartz.core.QuartzScheduler:305] - Scheduler meta-data: Quartz Scheduler (v2.2.1) 'MyScheduler' with instanceId 'NON_CLUSTERED'
  Scheduler class: 'org.quartz.core.QuartzScheduler' - running locally.
  NOT STARTED.
  Currently in standby mode.
  Number of jobs executed: 0
  Using thread pool 'org.quartz.simpl.SimpleThreadPool' - with 3 threads.
  Using job-store 'org.quartz.simpl.RAMJobStore' - which does not support persistence. and is not clustered.

2018-04-27 15:32:02 INFO [main] [org.quartz.impl.StdSchedulerFactory:1339] - Quartz scheduler 'MyScheduler' initialized from default resource file in Quartz package: 'quartz.properties'
2018-04-27 15:32:02 INFO [main] [org.quartz.impl.StdSchedulerFactory:1343] - Quartz scheduler version: 2.2.1
2018-04-27 15:32:02 INFO [main] [org.quartz.core.QuartzScheduler:575] - Scheduler MyScheduler_$_NON_CLUSTERED started.
2018-04-27 15:32:02 INFO [main] [com.alibaba.druid.pool.DruidDataSource:922] - {dataSource-1} inited
2018-04-27 15:32:02 INFO [main] [com.gzcb.creditcard.aop.WebAroundAop:21] - 通知方法：getMessage
2018-04-27 15:32:03 INFO [main] [com.gzcb.creditcard.job.JobManager:78] - {"msg":"SUCCESS","code":0,"data":""}
2018-04-27 15:32:03 INFO [main] [com.gzcb.creditcard.job.JobManager:80] - 没有推送信息！
2018-04-27 15:32:03 INFO [main] [com.gzcb.creditcard.aop.WebAroundAop:21] - 通知方法：getMessage
2018-04-27 15:32:03 INFO [main] [com.gzcb.creditcard.job.JobManager:78] - {"msg":"SUCCESS","code":0,"data":""}
2018-04-27 15:32:03 INFO [main] [com.gzcb.creditcard.job.JobManager:80] - 没有推送信息！
2018-04-27 15:32:03 INFO [main] [com.gzcb.creditcard.aop.WebAroundAop:21] - 通知方法：getMessage
2018-04-27 15:32:03 INFO [main] [com.gzcb.creditcard.job.JobManager:78] - {"msg":"SUCCESS","code":0,"data":""}
2018-04-27 15:32:03 INFO [main] [com.gzcb.creditcard.job.JobManager:80] - 没有推送信息！
2018-04-27 15:32:03 INFO [main] [com.gzcb.creditcard.aop.WebAroundAop:21] - 通知方法：getMessage
2018-04-27 15:32:03 INFO [main] [com.gzcb.creditcard.job.JobManager:78] - {"msg":"SUCCESS","code":0,"data":""}
2018-04-27 15:32:03 INFO [main] [com.gzcb.creditcard.job.JobManager:80] - 没有推送信息！
2018-04-27 15:32:03 INFO [main] [com.gzcb.creditcard.job.JobManager:119] - {"msg":"SUCCESS","code":0,"data":[{"cron":"0 */3 * * * ?","createdAt":1524653337000,"sSite":"","jour":"备忘惺惺相惜2","updatedBy":"","createdBy":13,"count":0,"name":"备忘录2","id":29,"type":3,"updatedAt":1524464943000},{"cron":"0 */2 * * * ?","createdAt":1523962133000,"sSite":"","jour":"备忘惺惺相惜","updatedBy":"","createdBy":13,"count":0,"name":"备忘录1","id":28,"type":3,"updatedAt":1524464940000},{"cron":"0 */1 * * * ?","createdAt":1523530129000,"sSite":"","jour":"","updatedBy":"","createdBy":13,"count":0,"name":"备忘新","id":27,"type":3,"updatedAt":1524465097000}]}
2018-04-27 15:32:03 INFO [main] [com.gzcb.creditcard.job.JobManager:132] - {"msg":"SUCCESS","code":0,"data":{"cron":"0 */3 * * * ?","mobile":"123","name":"备忘录2","id":29,"content":"备忘惺惺相惜2","group":"com.gzcb.creditcard.job.RemarkJob"}}
2018-04-27 15:32:04 INFO [main] [com.gzcb.creditcard.job.JobManager:153] - 添加新job备忘录2
2018-04-27 15:32:04 INFO [main] [com.gzcb.creditcard.job.JobManager:132] - {"msg":"SUCCESS","code":0,"data":{"cron":"0 */2 * * * ?","mobile":"123","name":"备忘录1","id":28,"content":"备忘惺惺相惜","group":"com.gzcb.creditcard.job.RemarkJob"}}
2018-04-27 15:32:04 INFO [main] [com.gzcb.creditcard.job.JobManager:153] - 添加新job备忘录1
2018-04-27 15:32:04 INFO [main] [com.gzcb.creditcard.job.JobManager:132] - {"msg":"SUCCESS","code":0,"data":{"cron":"0 */1 * * * ?","mobile":"123","name":"备忘新","id":27,"content":"","group":"com.gzcb.creditcard.job.RemarkJob"}}
2018-04-27 15:32:04 INFO [main] [com.gzcb.creditcard.job.JobManager:153] - 添加新job备忘新
2018-04-27 15:32:05 INFO [main] [org.springframework.web.servlet.mvc.method.annotation.RequestMappingHandlerAdapter:534] - Looking for @ControllerAdvice: org.springframework.boot.context.embedded.AnnotationConfigEmbeddedWebApplicationContext@899482: startup date [Fri Apr 27 15:31:41 CST 2018]; root of context hierarchy
2018-04-27 15:32:05 INFO [main] [org.springframework.web.servlet.mvc.method.annotation.RequestMappingHandlerAdapter:566] - Detected ResponseBodyAdvice bean in org.springframework.boot.actuate.autoconfigure.EndpointWebMvcHypermediaManagementContextConfiguration$ActuatorEndpointLinksAdvice
2018-04-27 15:32:05 INFO [main] [org.springframework.web.servlet.handler.AbstractHandlerMethodMapping$MappingRegistry:543] - Mapped "{[/admin/push]}" onto public com.alibaba.fastjson.JSONObject com.gzcb.creditcard.controller.AdminController.push(com.gzcb.creditcard.dao.entities.TContent,java.lang.String)
2018-04-27 15:32:05 INFO [main] [org.springframework.web.servlet.handler.AbstractHandlerMethodMapping$MappingRegistry:543] - Mapped "{[/admin/pushMessageToRedis]}" onto public com.alibaba.fastjson.JSONObject com.gzcb.creditcard.controller.AdminController.pushMessageToRedis(java.lang.Integer)
2018-04-27 15:32:05 INFO [main] [org.springframework.web.servlet.handler.AbstractHandlerMethodMapping$MappingRegistry:543] - Mapped "{[/admin/getMessageToRedis]}" onto public void com.gzcb.creditcard.controller.AdminController.getMessageToRedis()
2018-04-27 15:32:05 INFO [main] [org.springframework.web.servlet.handler.AbstractHandlerMethodMapping$MappingRegistry:543] - Mapped "{[/admin/selectJourCreatedBy]}" onto public com.alibaba.fastjson.JSONObject com.gzcb.creditcard.controller.AdminController.selectJourCreatedBy(java.lang.Integer)
2018-04-27 15:32:05 INFO [main] [org.springframework.web.servlet.handler.AbstractHandlerMethodMapping$MappingRegistry:543] - Mapped "{[/admin/getMessagePage]}" onto public com.alibaba.fastjson.JSONObject com.gzcb.creditcard.controller.AdminController.getMessagePage(com.gzcb.creditcard.vo.MessageVo)
2018-04-27 15:32:05 INFO [main] [org.springframework.web.servlet.handler.AbstractHandlerMethodMapping$MappingRegistry:543] - Mapped "{[/admin/getPageJour]}" onto public com.alibaba.fastjson.JSONObject com.gzcb.creditcard.controller.AdminController.getPageJour(com.gzcb.creditcard.vo.JourVO)
2018-04-27 15:32:05 INFO [main] [org.springframework.web.servlet.handler.AbstractHandlerMethodMapping$MappingRegistry:543] - Mapped "{[/admin/deleteJour]}" onto public com.alibaba.fastjson.JSONObject com.gzcb.creditcard.controller.AdminController.deleteJour(java.lang.Integer)
2018-04-27 15:32:05 INFO [main] [org.springframework.web.servlet.handler.AbstractHandlerMethodMapping$MappingRegistry:543] - Mapped "{[/admin/getMessage]}" onto public com.alibaba.fastjson.JSONObject com.gzcb.creditcard.controller.AdminController.getWebMessage(java.lang.String)
2018-04-27 15:32:05 INFO [main] [org.springframework.web.servlet.handler.AbstractHandlerMethodMapping$MappingRegistry:543] - Mapped "{[/admin/deleteMessage]}" onto public com.alibaba.fastjson.JSONObject com.gzcb.creditcard.controller.AdminController.deleteMessage(java.lang.Integer)
2018-04-27 15:32:05 INFO [main] [org.springframework.web.servlet.handler.AbstractHandlerMethodMapping$MappingRegistry:543] - Mapped "{[/admin/getAllUser],methods=[POST]}" onto public com.alibaba.fastjson.JSONObject com.gzcb.creditcard.controller.AdminController.getAllUser(com.gzcb.creditcard.vo.UserVo)
2018-04-27 15:32:05 INFO [main] [org.springframework.web.servlet.handler.AbstractHandlerMethodMapping$MappingRegistry:543] - Mapped "{[/admin/updateUser]}" onto public com.alibaba.fastjson.JSONObject com.gzcb.creditcard.controller.AdminController.updateUser(java.lang.Integer)
2018-04-27 15:32:05 INFO [main] [org.springframework.web.servlet.handler.AbstractHandlerMethodMapping$MappingRegistry:543] - Mapped "{[/cron/cronComputeTime],methods=[GET]}" onto public com.alibaba.fastjson.JSONObject com.gzcb.creditcard.controller.CronController.cronComputeTime(java.lang.String)
2018-04-27 15:32:05 INFO [main] [org.springframework.web.servlet.handler.AbstractHandlerMethodMapping$MappingRegistry:543] - Mapped "{[/jour/getJour]}" onto public com.alibaba.fastjson.JSONObject com.gzcb.creditcard.controller.JourController.getJour(java.lang.Integer)
2018-04-27 15:32:05 INFO [main] [org.springframework.web.servlet.handler.AbstractHandlerMethodMapping$MappingRegistry:543] - Mapped "{[/jour/addJour]}" onto public com.alibaba.fastjson.JSONObject com.gzcb.creditcard.controller.JourController.addJour(com.gzcb.creditcard.dao.entities.TJour)
2018-04-27 15:32:05 INFO [main] [org.springframework.web.servlet.handler.AbstractHandlerMethodMapping$MappingRegistry:543] - Mapped "{[/jour/delJour]}" onto public com.alibaba.fastjson.JSONObject com.gzcb.creditcard.controller.JourController.delJour(java.lang.Integer)
2018-04-27 15:32:05 INFO [main] [org.springframework.web.servlet.handler.AbstractHandlerMethodMapping$MappingRegistry:543] - Mapped "{[/jour/getPageJour]}" onto public com.alibaba.fastjson.JSONObject com.gzcb.creditcard.controller.JourController.getPageJour(com.gzcb.creditcard.vo.JourVO)
2018-04-27 15:32:05 INFO [main] [org.springframework.web.servlet.handler.AbstractHandlerMethodMapping$MappingRegistry:543] - Mapped "{[/jour/getFriendJour]}" onto public com.alibaba.fastjson.JSONObject com.gzcb.creditcard.controller.JourController.getFriendJour(java.lang.Integer)
2018-04-27 15:32:05 INFO [main] [org.springframework.web.servlet.handler.AbstractHandlerMethodMapping$MappingRegistry:543] - Mapped "{[/jour/getAllJour]}" onto public com.alibaba.fastjson.JSONObject com.gzcb.creditcard.controller.JourController.getAllJour(java.lang.Integer,java.lang.Integer)
2018-04-27 15:32:05 INFO [main] [org.springframework.web.servlet.handler.AbstractHandlerMethodMapping$MappingRegistry:543] - Mapped "{[/jour/updateJour]}" onto public com.alibaba.fastjson.JSONObject com.gzcb.creditcard.controller.JourController.updateJour(com.gzcb.creditcard.dao.entities.TJour)
2018-04-27 15:32:05 INFO [main] [org.springframework.web.servlet.handler.AbstractHandlerMethodMapping$MappingRegistry:543] - Mapped "{[/th/]}" onto public java.lang.String com.gzcb.creditcard.controller.ThymeleafController.toIndex()
2018-04-27 15:32:05 INFO [main] [org.springframework.web.servlet.handler.AbstractHandlerMethodMapping$MappingRegistry:543] - Mapped "{[/th/toIndexModel]}" onto public java.lang.String com.gzcb.creditcard.controller.ThymeleafController.toIndexModel(java.util.Map<java.lang.String, java.lang.Object>)
2018-04-27 15:32:05 INFO [main] [org.springframework.web.servlet.handler.AbstractHandlerMethodMapping$MappingRegistry:543] - Mapped "{[/user/addUser]}" onto public com.alibaba.fastjson.JSONObject com.gzcb.creditcard.controller.UserController.addUser(com.gzcb.creditcard.dao.entities.TUser)
2018-04-27 15:32:05 INFO [main] [org.springframework.web.servlet.handler.AbstractHandlerMethodMapping$MappingRegistry:543] - Mapped "{[/user/login]}" onto public com.alibaba.fastjson.JSONObject com.gzcb.creditcard.controller.UserController.login(com.gzcb.creditcard.vo.LoginVo)
2018-04-27 15:32:05 INFO [main] [org.springframework.web.servlet.handler.AbstractHandlerMethodMapping$MappingRegistry:543] - Mapped "{[/user/demo],methods=[GET]}" onto public java.lang.String com.gzcb.creditcard.controller.UserController.demo(org.springframework.ui.Model)
2018-04-27 15:32:05 INFO [main] [org.springframework.web.servlet.handler.AbstractHandlerMethodMapping$MappingRegistry:543] - Mapped "{[/user/getMessage]}" onto public com.alibaba.fastjson.JSONObject com.gzcb.creditcard.controller.UserController.getWebMessage(java.lang.String)
2018-04-27 15:32:05 INFO [main] [org.springframework.web.servlet.handler.AbstractHandlerMethodMapping$MappingRegistry:543] - Mapped "{[/user/selectAllFriend]}" onto public com.alibaba.fastjson.JSONObject com.gzcb.creditcard.controller.UserController.selectAllFriend(java.lang.Integer)
2018-04-27 15:32:05 INFO [main] [org.springframework.web.servlet.handler.AbstractHandlerMethodMapping$MappingRegistry:543] - Mapped "{[/error]}" onto public org.springframework.http.ResponseEntity<java.util.Map<java.lang.String, java.lang.Object>> org.springframework.boot.autoconfigure.web.BasicErrorController.error(javax.servlet.http.HttpServletRequest)
2018-04-27 15:32:05 INFO [main] [org.springframework.web.servlet.handler.AbstractHandlerMethodMapping$MappingRegistry:543] - Mapped "{[/error],produces=[text/html]}" onto public org.springframework.web.servlet.ModelAndView org.springframework.boot.autoconfigure.web.BasicErrorController.errorHtml(javax.servlet.http.HttpServletRequest,javax.servlet.http.HttpServletResponse)
2018-04-27 15:32:06 INFO [main] [org.springframework.web.servlet.handler.AbstractUrlHandlerMapping:354] - Mapped URL path [/webjars/**] onto handler of type [class org.springframework.web.servlet.resource.ResourceHttpRequestHandler]
2018-04-27 15:32:06 INFO [main] [org.springframework.web.servlet.handler.AbstractUrlHandlerMapping:354] - Mapped URL path [/**] onto handler of type [class org.springframework.web.servlet.resource.ResourceHttpRequestHandler]
2018-04-27 15:32:06 INFO [main] [org.springframework.web.servlet.mvc.method.annotation.ExceptionHandlerExceptionResolver:269] - Detected @ExceptionHandler methods in exceptionController
2018-04-27 15:32:06 INFO [main] [org.springframework.web.servlet.mvc.method.annotation.ExceptionHandlerExceptionResolver:275] - Detected ResponseBodyAdvice implementation in org.springframework.boot.actuate.autoconfigure.EndpointWebMvcHypermediaManagementContextConfiguration$ActuatorEndpointLinksAdvice
2018-04-27 15:32:06 INFO [main] [org.springframework.web.servlet.handler.AbstractUrlHandlerMapping:354] - Mapped URL path [/**/favicon.ico] onto handler of type [class org.springframework.web.servlet.resource.ResourceHttpRequestHandler]
2018-04-27 15:32:06 WARN [main] [org.springframework.boot.autoconfigure.thymeleaf.AbstractTemplateResolverConfiguration:60] - Cannot find template location: classpath:/templates/ (please add some templates or check your Thymeleaf configuration)
2018-04-27 15:32:12 INFO [main] [org.springframework.web.servlet.handler.AbstractHandlerMethodMapping$MappingRegistry:543] - Mapped "{[/trace || /trace.json],methods=[GET],produces=[application/json]}" onto public java.lang.Object org.springframework.boot.actuate.endpoint.mvc.EndpointMvcAdapter.invoke()
2018-04-27 15:32:12 INFO [main] [org.springframework.web.servlet.handler.AbstractHandlerMethodMapping$MappingRegistry:543] - Mapped "{[/info || /info.json],methods=[GET],produces=[application/json]}" onto public java.lang.Object org.springframework.boot.actuate.endpoint.mvc.EndpointMvcAdapter.invoke()
2018-04-27 15:32:12 INFO [main] [org.springframework.web.servlet.handler.AbstractHandlerMethodMapping$MappingRegistry:543] - Mapped "{[/autoconfig || /autoconfig.json],methods=[GET],produces=[application/json]}" onto public java.lang.Object org.springframework.boot.actuate.endpoint.mvc.EndpointMvcAdapter.invoke()
2018-04-27 15:32:12 INFO [main] [org.springframework.web.servlet.handler.AbstractHandlerMethodMapping$MappingRegistry:543] - Mapped "{[/heapdump || /heapdump.json],methods=[GET],produces=[application/octet-stream]}" onto public void org.springframework.boot.actuate.endpoint.mvc.HeapdumpMvcEndpoint.invoke(boolean,javax.servlet.http.HttpServletRequest,javax.servlet.http.HttpServletResponse) throws java.io.IOException,javax.servlet.ServletException
2018-04-27 15:32:12 INFO [main] [org.springframework.web.servlet.handler.AbstractHandlerMethodMapping$MappingRegistry:543] - Mapped "{[/env/{name:.*}],methods=[GET],produces=[application/json]}" onto public java.lang.Object org.springframework.boot.actuate.endpoint.mvc.EnvironmentMvcEndpoint.value(java.lang.String)
2018-04-27 15:32:12 INFO [main] [org.springframework.web.servlet.handler.AbstractHandlerMethodMapping$MappingRegistry:543] - Mapped "{[/env || /env.json],methods=[GET],produces=[application/json]}" onto public java.lang.Object org.springframework.boot.actuate.endpoint.mvc.EndpointMvcAdapter.invoke()
2018-04-27 15:32:12 INFO [main] [org.springframework.web.servlet.handler.AbstractHandlerMethodMapping$MappingRegistry:543] - Mapped "{[/dump || /dump.json],methods=[GET],produces=[application/json]}" onto public java.lang.Object org.springframework.boot.actuate.endpoint.mvc.EndpointMvcAdapter.invoke()
2018-04-27 15:32:12 INFO [main] [org.springframework.web.servlet.handler.AbstractHandlerMethodMapping$MappingRegistry:543] - Mapped "{[/beans || /beans.json],methods=[GET],produces=[application/json]}" onto public java.lang.Object org.springframework.boot.actuate.endpoint.mvc.EndpointMvcAdapter.invoke()
2018-04-27 15:32:12 INFO [main] [org.springframework.web.servlet.handler.AbstractHandlerMethodMapping$MappingRegistry:543] - Mapped "{[/configprops || /configprops.json],methods=[GET],produces=[application/json]}" onto public java.lang.Object org.springframework.boot.actuate.endpoint.mvc.EndpointMvcAdapter.invoke()
2018-04-27 15:32:12 INFO [main] [org.springframework.web.servlet.handler.AbstractHandlerMethodMapping$MappingRegistry:543] - Mapped "{[/health || /health.json],produces=[application/json]}" onto public java.lang.Object org.springframework.boot.actuate.endpoint.mvc.HealthMvcEndpoint.invoke(java.security.Principal)
2018-04-27 15:32:12 INFO [main] [org.springframework.web.servlet.handler.AbstractHandlerMethodMapping$MappingRegistry:543] - Mapped "{[/actuator || /actuator.json],produces=[application/json]}" onto public org.springframework.hateoas.ResourceSupport org.springframework.boot.actuate.endpoint.mvc.HalJsonMvcEndpoint.links()
2018-04-27 15:32:12 INFO [main] [org.springframework.web.servlet.handler.AbstractHandlerMethodMapping$MappingRegistry:543] - Mapped "{[/mappings || /mappings.json],methods=[GET],produces=[application/json]}" onto public java.lang.Object org.springframework.boot.actuate.endpoint.mvc.EndpointMvcAdapter.invoke()
2018-04-27 15:32:12 INFO [main] [org.springframework.web.servlet.handler.AbstractHandlerMethodMapping$MappingRegistry:543] - Mapped "{[/metrics/{name:.*}],methods=[GET],produces=[application/json]}" onto public java.lang.Object org.springframework.boot.actuate.endpoint.mvc.MetricsMvcEndpoint.value(java.lang.String)
2018-04-27 15:32:12 INFO [main] [org.springframework.web.servlet.handler.AbstractHandlerMethodMapping$MappingRegistry:543] - Mapped "{[/metrics || /metrics.json],methods=[GET],produces=[application/json]}" onto public java.lang.Object org.springframework.boot.actuate.endpoint.mvc.EndpointMvcAdapter.invoke()
2018-04-27 15:32:13 INFO [main] [org.springframework.ui.freemarker.SpringTemplateLoader:61] - SpringTemplateLoader for FreeMarker: using resource loader [org.springframework.boot.context.embedded.AnnotationConfigEmbeddedWebApplicationContext@899482: startup date [Fri Apr 27 15:31:41 CST 2018]; root of context hierarchy] and template loader path [classpath:/templates/]
2018-04-27 15:32:13 INFO [main] [org.springframework.web.servlet.view.freemarker.FreeMarkerConfigurer:127] - ClassTemplateLoader for Spring macros added to FreeMarker configuration
2018-04-27 15:32:13 WARN [main] [org.springframework.boot.autoconfigure.freemarker.FreeMarkerAutoConfiguration:93] - Cannot find template location(s): [classpath:/templates/] (please add some templates, check your FreeMarker configuration, or set spring.freemarker.checkTemplateLocation=false)
2018-04-27 15:32:13 WARN [main] [org.springframework.boot.starter.redis.RedisStarterDeprecationWarningAutoConfiguration:43] - spring-boot-starter-redis is deprecated as of Spring Boot 1.4, please migrate to spring-boot-starter-data-redis
2018-04-27 15:32:14 INFO [main] [org.springframework.web.socket.server.standard.ServerEndpointExporter:143] - Registering @ServerEndpoint class: class com.gzcb.creditcard.websocket.IdoWebSocket
2018-04-27 15:32:14 INFO [main] [org.springframework.jmx.export.MBeanExporter:431] - Registering beans for JMX exposure on startup
2018-04-27 15:32:14 INFO [main] [org.springframework.jmx.export.MBeanExporter:912] - Bean with name 'dataSource' has been autodetected for JMX exposure
2018-04-27 15:32:14 INFO [main] [org.springframework.jmx.export.MBeanExporter:667] - Located MBean 'dataSource': registering with JMX server as MBean [com.alibaba.druid.pool:name=dataSource,type=DruidDataSource]
2018-04-27 15:32:14 INFO [main] [org.springframework.jmx.export.MBeanExporter:431] - Registering beans for JMX exposure on startup
2018-04-27 15:32:14 INFO [main] [org.springframework.context.support.DefaultLifecycleProcessor$LifecycleGroup:341] - Starting beans in phase 0
2018-04-27 15:32:14 INFO [main] [org.springframework.jmx.export.MBeanExporter:674] - Located managed bean 'requestMappingEndpoint': registering with JMX server as MBean [org.springframework.boot:type=Endpoint,name=requestMappingEndpoint]
2018-04-27 15:32:14 INFO [main] [org.springframework.jmx.export.MBeanExporter:674] - Located managed bean 'environmentEndpoint': registering with JMX server as MBean [org.springframework.boot:type=Endpoint,name=environmentEndpoint]
2018-04-27 15:32:14 INFO [main] [org.springframework.jmx.export.MBeanExporter:674] - Located managed bean 'healthEndpoint': registering with JMX server as MBean [org.springframework.boot:type=Endpoint,name=healthEndpoint]
2018-04-27 15:32:14 INFO [main] [org.springframework.jmx.export.MBeanExporter:674] - Located managed bean 'beansEndpoint': registering with JMX server as MBean [org.springframework.boot:type=Endpoint,name=beansEndpoint]
2018-04-27 15:32:14 INFO [main] [org.springframework.jmx.export.MBeanExporter:674] - Located managed bean 'infoEndpoint': registering with JMX server as MBean [org.springframework.boot:type=Endpoint,name=infoEndpoint]
2018-04-27 15:32:14 INFO [main] [org.springframework.jmx.export.MBeanExporter:674] - Located managed bean 'metricsEndpoint': registering with JMX server as MBean [org.springframework.boot:type=Endpoint,name=metricsEndpoint]
2018-04-27 15:32:14 INFO [main] [org.springframework.jmx.export.MBeanExporter:674] - Located managed bean 'traceEndpoint': registering with JMX server as MBean [org.springframework.boot:type=Endpoint,name=traceEndpoint]
2018-04-27 15:32:14 INFO [main] [org.springframework.jmx.export.MBeanExporter:674] - Located managed bean 'dumpEndpoint': registering with JMX server as MBean [org.springframework.boot:type=Endpoint,name=dumpEndpoint]
2018-04-27 15:32:14 INFO [main] [org.springframework.jmx.export.MBeanExporter:674] - Located managed bean 'autoConfigurationReportEndpoint': registering with JMX server as MBean [org.springframework.boot:type=Endpoint,name=autoConfigurationReportEndpoint]
2018-04-27 15:32:14 INFO [main] [org.springframework.jmx.export.MBeanExporter:674] - Located managed bean 'configurationPropertiesReportEndpoint': registering with JMX server as MBean [org.springframework.boot:type=Endpoint,name=configurationPropertiesReportEndpoint]
2018-04-27 15:32:14 INFO [main] [org.apache.juli.logging.DirectJDKLog:179] - Initializing ProtocolHandler ["http-nio-8080"]
2018-04-27 15:32:14 INFO [main] [org.apache.juli.logging.DirectJDKLog:179] - Starting ProtocolHandler [http-nio-8080]
2018-04-27 15:32:14 INFO [main] [org.apache.juli.logging.DirectJDKLog:179] - Using a shared selector for servlet write/read
2018-04-27 15:32:14 INFO [main] [org.springframework.boot.context.embedded.tomcat.TomcatEmbeddedServletContainer:185] - Tomcat started on port(s): 8080 (http)
2018-04-27 15:32:14 INFO [main] [org.springframework.boot.StartupInfoLogger:57] - Started Application in 35.522 seconds (JVM running for 38.604)
2018-04-27 15:32:20 INFO [Thread-4] [org.springframework.context.support.AbstractApplicationContext:982] - Closing org.springframework.boot.context.embedded.AnnotationConfigEmbeddedWebApplicationContext@899482: startup date [Fri Apr 27 15:31:41 CST 2018]; root of context hierarchy
2018-04-27 15:32:20 INFO [Thread-4] [org.springframework.context.support.DefaultLifecycleProcessor$LifecycleGroup:356] - Stopping beans in phase 0
2018-04-27 15:32:20 INFO [Thread-4] [org.springframework.jmx.export.MBeanExporter:449] - Unregistering JMX-exposed beans on shutdown
2018-04-27 15:32:20 INFO [Thread-4] [org.springframework.jmx.support.MBeanRegistrationSupport:241] - Unregistering JMX-exposed beans
2018-04-27 15:32:20 INFO [Thread-4] [org.springframework.jmx.export.MBeanExporter:449] - Unregistering JMX-exposed beans on shutdown
2018-04-27 15:32:20 INFO [Thread-4] [org.springframework.jmx.support.MBeanRegistrationSupport:241] - Unregistering JMX-exposed beans
2018-04-27 15:32:20 INFO [Thread-4] [com.alibaba.druid.pool.DruidDataSource:1817] - {dataSource-1} closed
